\BOOKMARK [1][-]{section.1}{\376\377\000S\000y\000s\000Y\213\355\212\000\162\171\140\047\124\214\137\142\137\017\123\026\133\232\116\111}{}% 1
\BOOKMARK [2][-]{subsection.1.1}{\376\377\000S\000y\000s\000Y\213\355\212\000\162\171\140\047}{section.1}% 2
\BOOKMARK [3][-]{subsubsection.1.1.1}{\376\377\121\163\225\056\133\127}{subsection.1.1}% 3
\BOOKMARK [3][-]{subsubsection.1.1.2}{\376\377\123\330\221\317}{subsection.1.1}% 4
\BOOKMARK [3][-]{subsubsection.1.1.3}{\376\377\136\070\221\317}{subsection.1.1}% 5
\BOOKMARK [3][-]{subsubsection.1.1.4}{\376\377\217\320\173\227\173\046\124\214\210\150\217\276\137\017}{subsection.1.1}% 6
\BOOKMARK [3][-]{subsubsection.1.1.5}{\376\377\213\355\123\345}{subsection.1.1}% 7
\BOOKMARK [3][-]{subsubsection.1.1.6}{\376\377\121\375\145\160}{subsection.1.1}% 8
\BOOKMARK [2][-]{subsection.1.2}{\376\377\137\142\137\017\123\026\133\232\116\111}{section.1}% 9
\BOOKMARK [3][-]{subsubsection.1.2.1}{\376\377\123\330\221\317\130\360\146\016}{subsection.1.2}% 10
\BOOKMARK [3][-]{subsubsection.1.2.2}{\376\377\136\070\221\317\130\360\146\016}{subsection.1.2}% 11
\BOOKMARK [3][-]{subsubsection.1.2.3}{\376\377\210\150\217\276\137\017}{subsection.1.2}% 12
\BOOKMARK [3][-]{subsubsection.1.2.4}{\376\377\215\113\120\074\210\150\217\276\137\017}{subsection.1.2}% 13
\BOOKMARK [3][-]{subsubsection.1.2.5}{\376\377\220\073\217\221\210\150\217\276\137\017}{subsection.1.2}% 14
\BOOKMARK [3][-]{subsubsection.1.2.6}{\376\377\121\163\174\373\210\150\217\276\137\017}{subsection.1.2}% 15
\BOOKMARK [3][-]{subsubsection.1.2.7}{\376\377\173\227\145\160\210\150\217\276\137\017}{subsection.1.2}% 16
\BOOKMARK [3][-]{subsubsection.1.2.8}{\376\377\174\373\176\337\144\315\117\134}{subsection.1.2}% 17
\BOOKMARK [3][-]{subsubsection.1.2.9}{\376\377\213\355\123\345}{subsection.1.2}% 18
\BOOKMARK [3][-]{subsubsection.1.2.10}{\376\377\137\252\163\257\213\355\123\345}{subsection.1.2}% 19
\BOOKMARK [3][-]{subsubsection.1.2.11}{\376\377\122\006\145\057\213\355\123\345}{subsection.1.2}% 20
\BOOKMARK [3][-]{subsubsection.1.2.12}{\376\377\215\363\217\154\213\355\123\345}{subsection.1.2}% 21
\BOOKMARK [3][-]{subsubsection.1.2.13}{\376\377\121\375\145\160}{subsection.1.2}% 22
\BOOKMARK [3][-]{subsubsection.1.2.14}{\376\377\154\350\221\312}{subsection.1.2}% 23
\BOOKMARK [3][-]{subsubsection.1.2.15}{\376\377\217\223\121\145\217\223\121\372\155\101}{subsection.1.2}% 24
\BOOKMARK [1][-]{section.2}{\376\377\154\107\177\026\177\026\172\013}{}% 25
\BOOKMARK [2][-]{subsection.2.1}{\376\377\116\000\116\233\127\372\147\054\144\315\117\134}{section.2}% 26
\BOOKMARK [3][-]{subsubsection.2.1.1}{\376\377\121\163\116\216\121\375\145\160\166\204\150\010\143\007\224\210\144\315\117\134}{subsection.2.1}% 27
\BOOKMARK [3][-]{subsubsection.2.1.2}{\376\377\000I\000/\000O\144\315\117\134}{subsection.2.1}% 28
\BOOKMARK [2][-]{subsection.2.2}{\376\377\154\107\177\026\172\013\136\217\177\026\121\231}{section.2}% 29
